<?xml version="1.0" encoding="UTF-8"?>
<!-- Generated by org.testng.reporters.JUnitXMLReporter -->
<testsuite ignored="0" hostname="Gayathri_27" failures="0" tests="1" name="Test-Runner-Chrome" time="21.306" errors="0" timestamp="2024-03-14T17:39:15 IST">
  <testcase classname="contactsTests.CreateNewContactTest" name="createContactWithMandatoryfeilds" time="12.04"/>
</testsuite> <!-- Test-Runner-Chrome -->
