<?xml version="1.0" encoding="UTF-8"?>
<!-- Generated by org.testng.reporters.JUnitXMLReporter -->
<testsuite ignored="0" hostname="Gayathri_27" failures="0" tests="1" name="Test-Runner-1" time="32.689" errors="0" timestamp="2024-03-14T17:00:36 IST">
  <testcase classname="contactsTests.CreateNewContactTest" name="createContactWithMandatoryfeilds" time="19.817"/>
</testsuite> <!-- Test-Runner-1 -->
