<?xml version="1.0" encoding="UTF-8"?>
<!-- Generated by org.testng.reporters.JUnitXMLReporter -->
<testsuite ignored="0" hostname="Gayathri_27" failures="0" tests="1" name="Test-Runner-Edge" time="23.078" errors="0" timestamp="2024-03-14T17:39:17 IST">
  <testcase classname="contactsTests.CreateNewContactTest" name="createContactWithMandatoryfeilds" time="11.909"/>
</testsuite> <!-- Test-Runner-Edge -->
