<?xml version="1.0" encoding="UTF-8"?>
<!-- Generated by org.testng.reporters.JUnitXMLReporter -->
<testsuite ignored="0" hostname="Gayathri_27" failures="0" tests="1" name="Test-Runner-2" time="33.166" errors="0" timestamp="2024-03-14T17:00:36 IST">
  <testcase classname="contactsTests.CreateContactWithLeadSourceTest" name="createContactWithLead" time="17.819"/>
</testsuite> <!-- Test-Runner-2 -->
