<?xml version="1.0" encoding="UTF-8"?>
<!-- Generated by org.testng.reporters.JUnitReportReporter -->
<testsuite hostname="Gayathri_27" failures="0" tests="2" name="contactsTests.CreateNewContactTest" time="21.239" errors="0" timestamp="2024-04-10T13:05:45 IST" skipped="0">
  <testcase classname="contactsTests.CreateNewContactTest" name="createContactWithMandatoryfeilds" time="15.105"/>
  <testcase classname="contactsTests.CreateNewContactTest" name="sample" time="6.134"/>
</testsuite> <!-- contactsTests.CreateNewContactTest -->
