<?xml version="1.0" encoding="UTF-8"?>
<!-- Generated by org.testng.reporters.JUnitReportReporter -->
<testsuite hostname="Gayathri_27" failures="0" tests="2" name="contactsTests.CreateNewContactTest" time="23.726" errors="0" timestamp="2024-04-15T10:58:12 IST" skipped="0">
  <testcase classname="contactsTests.CreateNewContactTest" name="createContactWithMandatoryfeilds" time="16.872"/>
  <testcase classname="contactsTests.CreateNewContactTest" name="sample" time="6.854"/>
</testsuite> <!-- contactsTests.CreateNewContactTest -->
