<?xml version="1.0" encoding="UTF-8"?>
<!-- Generated by org.testng.reporters.JUnitReportReporter -->
<testsuite hostname="Gayathri_27" failures="0" tests="1" name="contactsTests.CreateContactWithLeadSourceTest" time="23.686" errors="0" timestamp="2024-03-14T17:00:36 IST" skipped="0">
  <testcase classname="contactsTests.CreateContactWithLeadSourceTest" name="createContactWithLead" time="23.686"/>
</testsuite> <!-- contactsTests.CreateContactWithLeadSourceTest -->
