<?xml version="1.0" encoding="UTF-8"?>
<!-- Generated by org.testng.reporters.JUnitReportReporter -->
<testsuite hostname="Gayathri_27" failures="0" tests="1" name="contactsTests.CreateNewLeadsTest" time="16.222" errors="0" timestamp="2024-03-13T17:20:08 IST" skipped="0">
  <testcase classname="contactsTests.CreateNewLeadsTest" name="createLeadsWithMandatoryfeilds" time="16.222"/>
</testsuite> <!-- contactsTests.CreateNewLeadsTest -->
