<?xml version="1.0" encoding="UTF-8"?>
<!-- Generated by org.testng.reporters.JUnitReportReporter -->
<testsuite hostname="Gayathri_27" failures="0" tests="1" name="contactsTests.CreateContactWithLeadSourceTest" time="14.156" errors="0" timestamp="2024-04-10T20:26:41 IST" skipped="0">
  <testcase classname="contactsTests.CreateContactWithLeadSourceTest" name="createContactWithLead" time="14.156"/>
</testsuite> <!-- contactsTests.CreateContactWithLeadSourceTest -->
