<?xml version="1.0" encoding="UTF-8"?>
<!-- Generated by org.testng.reporters.JUnitReportReporter -->
<testsuite hostname="Gayathri_27" failures="0" tests="1" name="contactsTests.CreateNewProductTest" time="22.191" errors="0" timestamp="2024-03-11T11:19:02 IST" skipped="0">
  <testcase classname="contactsTests.CreateNewProductTest" name="createProductWithMandatoryfeilds" time="22.191"/>
</testsuite> <!-- contactsTests.CreateNewProductTest -->
