<?xml version="1.0" encoding="UTF-8"?>
<!-- Generated by org.testng.reporters.JUnitReportReporter -->
<testsuite hostname="Gayathri_27" failures="0" tests="2" name="practice.TestNgPractice" time="0.008" errors="0" timestamp="2024-04-09T17:08:18 IST" skipped="1">
  <testcase classname="practice.TestNgPractice" name="editContact" time="0.008"/>
  <testcase classname="practice.TestNgPractice" name="deleteContact">
    <skipped/>
  </testcase> <!-- deleteContact -->
</testsuite> <!-- practice.TestNgPractice -->
