<?xml version="1.0" encoding="UTF-8"?>
<!-- Generated by org.testng.reporters.JUnitReportReporter -->
<testsuite hostname="Gayathri_27" failures="0" tests="2" name="contactsTests.CreateNewContactTest" time="20.161" errors="0" timestamp="2024-04-10T20:26:41 IST" skipped="0">
  <testcase classname="contactsTests.CreateNewContactTest" name="createContactWithMandatoryfeilds" time="14.796"/>
  <testcase classname="contactsTests.CreateNewContactTest" name="sample" time="5.365"/>
</testsuite> <!-- contactsTests.CreateNewContactTest -->
