<?xml version="1.0" encoding="UTF-8"?>
<!-- Generated by org.testng.reporters.JUnitReportReporter -->
<testsuite hostname="Gayathri_27" failures="0" tests="1" name="contactsTests.CreateNewLeadsTest" time="14.482" errors="0" timestamp="2024-04-10T20:26:41 IST" skipped="0">
  <testcase classname="contactsTests.CreateNewLeadsTest" name="createLeadsWithMandatoryfeilds" time="14.482"/>
</testsuite> <!-- contactsTests.CreateNewLeadsTest -->
