<?xml version="1.0" encoding="UTF-8"?>
<!-- Generated by org.testng.reporters.JUnitReportReporter -->
<testsuite hostname="Gayathri_27" failures="0" tests="1" name="practice.TestNgPractice" time="0.012" errors="0" timestamp="2024-03-05T10:43:16 IST" skipped="0">
  <testcase classname="practice.TestNgPractice" name="sample" time="0.012"/>
  <system-out/>
</testsuite> <!-- practice.TestNgPractice -->
